c:\users\administrator\source\repos\optimizationalgorithm\optimizationalgorithm\x64\debug\moc_optimizationalgorithm.obj
c:\users\administrator\source\repos\optimizationalgorithm\optimizationalgorithm\x64\debug\moc_algorithmdialog.obj
c:\users\administrator\source\repos\optimizationalgorithm\optimizationalgorithm\x64\debug\qrc_optimizationalgorithm.obj
c:\users\administrator\source\repos\optimizationalgorithm\optimizationalgorithm\x64\debug\qrc_resource.obj
c:\users\administrator\source\repos\optimizationalgorithm\optimizationalgorithm\x64\debug\algorithmdialog.obj
c:\users\administrator\source\repos\optimizationalgorithm\optimizationalgorithm\x64\debug\main.obj
c:\users\administrator\source\repos\optimizationalgorithm\optimizationalgorithm\x64\debug\optimizationalgorithm.obj
c:\users\administrator\source\repos\optimizationalgorithm\optimizationalgorithm\x64\debug\vc142.pdb
c:\users\administrator\source\repos\optimizationalgorithm\x64\debug\optimizationalgorithm.exe
c:\users\administrator\source\repos\optimizationalgorithm\x64\debug\optimizationalgorithm.ilk
c:\users\administrator\source\repos\optimizationalgorithm\x64\debug\optimizationalgorithm.pdb
c:\users\administrator\source\repos\optimizationalgorithm\optimizationalgorithm\x64\debug\moc\moc_optimizationalgorithm.cpp
c:\users\administrator\source\repos\optimizationalgorithm\optimizationalgorithm\x64\debug\moc\moc_algorithmdialog.cpp
c:\users\administrator\source\repos\optimizationalgorithm\optimizationalgorithm\x64\debug\uic\ui_algorithmdialog.h
c:\users\administrator\source\repos\optimizationalgorithm\optimizationalgorithm\x64\debug\uic\ui_optimizationalgorithm.h
c:\users\administrator\source\repos\optimizationalgorithm\optimizationalgorithm\x64\debug\rcc\qrc_optimizationalgorithm.cpp
c:\users\administrator\source\repos\optimizationalgorithm\optimizationalgorithm\x64\debug\rcc\qrc_resource.cpp
c:\users\administrator\source\repos\optimizationalgorithm\optimizationalgorithm\x64\debug\optimiza.2ec0db36.tlog\cl.command.1.tlog
c:\users\administrator\source\repos\optimizationalgorithm\optimizationalgorithm\x64\debug\optimiza.2ec0db36.tlog\cl.read.1.tlog
c:\users\administrator\source\repos\optimizationalgorithm\optimizationalgorithm\x64\debug\optimiza.2ec0db36.tlog\cl.write.1.tlog
c:\users\administrator\source\repos\optimizationalgorithm\optimizationalgorithm\x64\debug\optimiza.2ec0db36.tlog\link.command.1.tlog
c:\users\administrator\source\repos\optimizationalgorithm\optimizationalgorithm\x64\debug\optimiza.2ec0db36.tlog\link.read.1.tlog
c:\users\administrator\source\repos\optimizationalgorithm\optimizationalgorithm\x64\debug\optimiza.2ec0db36.tlog\link.write.1.tlog
c:\users\administrator\source\repos\optimizationalgorithm\optimizationalgorithm\x64\debug\optimiza.2ec0db36.tlog\moc.read.1u.tlog
c:\users\administrator\source\repos\optimizationalgorithm\optimizationalgorithm\x64\debug\optimiza.2ec0db36.tlog\moc.write.1u.tlog
c:\users\administrator\source\repos\optimizationalgorithm\optimizationalgorithm\x64\debug\optimiza.2ec0db36.tlog\optimizationalgorithm.write.1u.tlog
c:\users\administrator\source\repos\optimizationalgorithm\optimizationalgorithm\x64\debug\optimiza.2ec0db36.tlog\rcc.read.1u.tlog
c:\users\administrator\source\repos\optimizationalgorithm\optimizationalgorithm\x64\debug\optimiza.2ec0db36.tlog\rcc.write.1u.tlog
c:\users\administrator\source\repos\optimizationalgorithm\optimizationalgorithm\x64\debug\optimiza.2ec0db36.tlog\uic.read.1u.tlog
c:\users\administrator\source\repos\optimizationalgorithm\optimizationalgorithm\x64\debug\optimiza.2ec0db36.tlog\uic.write.1u.tlog
